<?xml version="1.0" encoding="UTF-8"?>
<testsuite xmlns:xsi="http://www.w3.org/2001/XMLSchema-instance" xsi:noNamespaceSchemaLocation="https://maven.apache.org/surefire/maven-surefire-plugin/xsd/surefire-test-report-3.0.xsd" version="3.0" name="MainTest" time="0.269" tests="1" errors="0" skipped="0" failures="0">
  <properties>
    <property name="java.specification.version" value="21"/>
    <property name="sun.cpu.isalist" value="amd64"/>
    <property name="sun.jnu.encoding" value="Cp1251"/>
    <property name="java.class.path" value="C:\Java\PP_2_1_4_spring-types-of-wiring\target\test-classes;C:\Java\PP_2_1_4_spring-types-of-wiring\target\classes;C:\Users\All_Seher\.m2\repository\org\springframework\spring-core\5.3.14\spring-core-5.3.14.jar;C:\Users\All_Seher\.m2\repository\org\springframework\spring-jcl\5.3.14\spring-jcl-5.3.14.jar;C:\Users\All_Seher\.m2\repository\org\springframework\spring-context\5.3.14\spring-context-5.3.14.jar;C:\Users\All_Seher\.m2\repository\org\springframework\spring-aop\5.3.14\spring-aop-5.3.14.jar;C:\Users\All_Seher\.m2\repository\org\springframework\spring-beans\5.3.14\spring-beans-5.3.14.jar;C:\Users\All_Seher\.m2\repository\org\springframework\spring-expression\5.3.14\spring-expression-5.3.14.jar;C:\Users\All_Seher\.m2\repository\org\springframework\spring-test\5.3.14\spring-test-5.3.14.jar;C:\Users\All_Seher\.m2\repository\org\scalatestplus\junit-4-12_2.13\3.2.2.0\junit-4-12_2.13-3.2.2.0.jar;C:\Users\All_Seher\.m2\repository\org\scala-lang\scala-library\2.13.3\scala-library-2.13.3.jar;C:\Users\All_Seher\.m2\repository\org\scalatest\scalatest-core_2.13\3.2.2\scalatest-core_2.13-3.2.2.jar;C:\Users\All_Seher\.m2\repository\org\scalatest\scalatest-compatible\3.2.2\scalatest-compatible-3.2.2.jar;C:\Users\All_Seher\.m2\repository\org\scalactic\scalactic_2.13\3.2.2\scalactic_2.13-3.2.2.jar;C:\Users\All_Seher\.m2\repository\org\scala-lang\scala-reflect\2.13.3\scala-reflect-2.13.3.jar;C:\Users\All_Seher\.m2\repository\org\scala-lang\modules\scala-xml_2.13\1.2.0\scala-xml_2.13-1.2.0.jar;C:\Users\All_Seher\.m2\repository\junit\junit\4.12\junit-4.12.jar;C:\Users\All_Seher\.m2\repository\org\hamcrest\hamcrest-core\1.3\hamcrest-core-1.3.jar;"/>
    <property name="java.vm.vendor" value="Oracle Corporation"/>
    <property name="sun.arch.data.model" value="64"/>
    <property name="user.variant" value=""/>
    <property name="java.vendor.url" value="https://java.oracle.com/"/>
    <property name="user.timezone" value="Asia/Yekaterinburg"/>
    <property name="os.name" value="Windows 10"/>
    <property name="java.vm.specification.version" value="21"/>
    <property name="sun.java.launcher" value="SUN_STANDARD"/>
    <property name="user.country" value="RU"/>
    <property name="sun.boot.library.path" value="C:\Program Files\Java\jdk-21\bin"/>
    <property name="sun.java.command" value="C:\Users\All_Seher\AppData\Local\Temp\surefire12147225442013289328\surefirebooter-20240304135547999_3.jar C:\Users\All_Seher\AppData\Local\Temp\surefire12147225442013289328 2024-03-04T13-55-47_933-jvmRun1 surefire-20240304135547999_1tmp surefire_0-20240304135547999_2tmp"/>
    <property name="jdk.debug" value="release"/>
    <property name="surefire.test.class.path" value="C:\Java\PP_2_1_4_spring-types-of-wiring\target\test-classes;C:\Java\PP_2_1_4_spring-types-of-wiring\target\classes;C:\Users\All_Seher\.m2\repository\org\springframework\spring-core\5.3.14\spring-core-5.3.14.jar;C:\Users\All_Seher\.m2\repository\org\springframework\spring-jcl\5.3.14\spring-jcl-5.3.14.jar;C:\Users\All_Seher\.m2\repository\org\springframework\spring-context\5.3.14\spring-context-5.3.14.jar;C:\Users\All_Seher\.m2\repository\org\springframework\spring-aop\5.3.14\spring-aop-5.3.14.jar;C:\Users\All_Seher\.m2\repository\org\springframework\spring-beans\5.3.14\spring-beans-5.3.14.jar;C:\Users\All_Seher\.m2\repository\org\springframework\spring-expression\5.3.14\spring-expression-5.3.14.jar;C:\Users\All_Seher\.m2\repository\org\springframework\spring-test\5.3.14\spring-test-5.3.14.jar;C:\Users\All_Seher\.m2\repository\org\scalatestplus\junit-4-12_2.13\3.2.2.0\junit-4-12_2.13-3.2.2.0.jar;C:\Users\All_Seher\.m2\repository\org\scala-lang\scala-library\2.13.3\scala-library-2.13.3.jar;C:\Users\All_Seher\.m2\repository\org\scalatest\scalatest-core_2.13\3.2.2\scalatest-core_2.13-3.2.2.jar;C:\Users\All_Seher\.m2\repository\org\scalatest\scalatest-compatible\3.2.2\scalatest-compatible-3.2.2.jar;C:\Users\All_Seher\.m2\repository\org\scalactic\scalactic_2.13\3.2.2\scalactic_2.13-3.2.2.jar;C:\Users\All_Seher\.m2\repository\org\scala-lang\scala-reflect\2.13.3\scala-reflect-2.13.3.jar;C:\Users\All_Seher\.m2\repository\org\scala-lang\modules\scala-xml_2.13\1.2.0\scala-xml_2.13-1.2.0.jar;C:\Users\All_Seher\.m2\repository\junit\junit\4.12\junit-4.12.jar;C:\Users\All_Seher\.m2\repository\org\hamcrest\hamcrest-core\1.3\hamcrest-core-1.3.jar;"/>
    <property name="sun.cpu.endian" value="little"/>
    <property name="user.home" value="C:\Users\All_Seher"/>
    <property name="user.language" value="ru"/>
    <property name="java.specification.vendor" value="Oracle Corporation"/>
    <property name="java.version.date" value="2024-01-16"/>
    <property name="java.home" value="C:\Program Files\Java\jdk-21"/>
    <property name="file.separator" value="\"/>
    <property name="basedir" value="C:\Java\PP_2_1_4_spring-types-of-wiring"/>
    <property name="java.vm.compressedOopsMode" value="Zero based"/>
    <property name="line.separator" value="&#10;"/>
    <property name="java.vm.specification.vendor" value="Oracle Corporation"/>
    <property name="java.specification.name" value="Java Platform API Specification"/>
    <property name="surefire.real.class.path" value="C:\Users\All_Seher\AppData\Local\Temp\surefire12147225442013289328\surefirebooter-20240304135547999_3.jar"/>
    <property name="user.script" value=""/>
    <property name="sun.management.compiler" value="HotSpot 64-Bit Tiered Compilers"/>
    <property name="java.runtime.version" value="21.0.2+13-LTS-58"/>
    <property name="user.name" value="All_Seher"/>
    <property name="stdout.encoding" value="Cp1251"/>
    <property name="path.separator" value=";"/>
    <property name="os.version" value="10.0"/>
    <property name="java.runtime.name" value="Java(TM) SE Runtime Environment"/>
    <property name="file.encoding" value="UTF-8"/>
    <property name="java.vm.name" value="Java HotSpot(TM) 64-Bit Server VM"/>
    <property name="localRepository" value="C:\Users\All_Seher\.m2\repository"/>
    <property name="java.vendor.url.bug" value="https://bugreport.java.com/bugreport/"/>
    <property name="java.io.tmpdir" value="C:\Users\ALL_SE~1\AppData\Local\Temp\"/>
    <property name="idea.version" value="2023.3.4"/>
    <property name="java.version" value="21.0.2"/>
    <property name="user.dir" value="C:\Java\PP_2_1_4_spring-types-of-wiring"/>
    <property name="os.arch" value="amd64"/>
    <property name="java.vm.specification.name" value="Java Virtual Machine Specification"/>
    <property name="sun.os.patch.level" value=""/>
    <property name="native.encoding" value="Cp1251"/>
    <property name="java.library.path" value="C:\Program Files\Java\jdk-21\bin;C:\Windows\Sun\Java\bin;C:\Windows\system32;C:\Windows;C:\Program Files\Common Files\Oracle\Java\javapath;C:\Windows\system32;C:\Windows;C:\Windows\System32\Wbem;C:\Windows\System32\WindowsPowerShell\v1.0\;C:\Windows\System32\OpenSSH\;C:\Program Files\Git\cmd;%JAVA_HOME%\bin;C:\Windows\System32;;."/>
    <property name="java.vm.info" value="mixed mode, sharing"/>
    <property name="stderr.encoding" value="Cp1251"/>
    <property name="java.vendor" value="Oracle Corporation"/>
    <property name="java.vm.version" value="21.0.2+13-LTS-58"/>
    <property name="sun.io.unicode.encoding" value="UnicodeLittle"/>
    <property name="java.class.version" value="65.0"/>
  </properties>
  <testcase name="mainTest" classname="MainTest" time="0.004">
    <system-out><![CDATA[На свете есть океан , на океане остров , на острове дерево , на дереве заяц , в зайце утка , в утке яйцо , в яйце иголка , смерть Кощея на игле :(
]]></system-out>
    <system-err><![CDATA[мар. 04, 2024 1:55:48 PM org.springframework.test.context.support.AbstractTestContextBootstrapper getDefaultTestExecutionListenerClassNames
INFO: Loaded default TestExecutionListener class names from location [META-INF/spring.factories]: [org.springframework.test.context.web.ServletTestExecutionListener, org.springframework.test.context.support.DirtiesContextBeforeModesTestExecutionListener, org.springframework.test.context.event.ApplicationEventsTestExecutionListener, org.springframework.test.context.support.DependencyInjectionTestExecutionListener, org.springframework.test.context.support.DirtiesContextTestExecutionListener, org.springframework.test.context.transaction.TransactionalTestExecutionListener, org.springframework.test.context.jdbc.SqlScriptsTestExecutionListener, org.springframework.test.context.event.EventPublishingTestExecutionListener]
мар. 04, 2024 1:55:48 PM org.springframework.test.context.support.AbstractTestContextBootstrapper getTestExecutionListeners
INFO: Using TestExecutionListeners: [org.springframework.test.context.support.DirtiesContextBeforeModesTestExecutionListener@60dcc9fe, org.springframework.test.context.event.ApplicationEventsTestExecutionListener@222114ba, org.springframework.test.context.support.DependencyInjectionTestExecutionListener@16e7dcfd, org.springframework.test.context.support.DirtiesContextTestExecutionListener@3d121db3, org.springframework.test.context.event.EventPublishingTestExecutionListener@3b07a0d6]
]]></system-err>
  </testcase>
</testsuite>